积分消费
2020-03-21 10:00:27 /services/tinkerbots/api.php:162
array (
  'tousername' => 'gh_239a166b72c7',
  'fromusername' => 'o40gXxBschczLwy__yQNz7_sdTnc',
  'createtime' => '1584756026',
  'msgtype' => 'event',
  'event' => 'user_pay_from_pay_cell',
  'cardid' => 'p40gXxPADLu7Stuc0k9-B2JnjEJg',
  'usercardcode' => '759901567801',
  'transid' => '4200000485202003218643819721',
  'locationid' => '493001175',
  'fee' => '100',
  'originalfee' => '200',
  'from' => 'o40gXxBschczLwy__yQNz7_sdTnc',
  'to' => 'gh_239a166b72c7',
  'time' => '1584756026',
  'type' => 'event',
)
2020-03-21 10:00:27 /services/tinkerbots/api.php:162
array (
  'tousername' => 'gh_239a166b72c7',
  'fromusername' => 'o40gXxBschczLwy__yQNz7_sdTnc',
  'createtime' => '1584756027',
  'msgtype' => 'event',
  'event' => 'update_member_card',
  'cardid' => 'p40gXxPADLu7Stuc0k9-B2JnjEJg',
  'usercardcode' => '759901567801',
  'modifybonus' => '-99',
  'modifybalance' => '0',
  'from' => 'o40gXxBschczLwy__yQNz7_sdTnc',
  'to' => 'gh_239a166b72c7',
  'time' => '1584756027',
  'type' => 'event',
)

优惠券买单，买单通知，没有更新积分
array (
  'tousername' => 'gh_239a166b72c7',
  'fromusername' => 'o40gXxBschczLwy__yQNz7_sdTnc',
  'createtime' => '1584714437',
  'msgtype' => 'event',
  'event' => 'user_pay_from_pay_cell',
  'cardid' => 'p40gXxNpHVCbYvNUCHaO2F2HlDNI',
  'usercardcode' => '117627898576',
  'transid' => '4200000475202003201685458837',
  'locationid' => '493001175',
  'fee' => '100',
  'originalfee' => '1000',
  'from' => 'o40gXxBschczLwy__yQNz7_sdTnc',
  'to' => 'gh_239a166b72c7',
  'time' => '1584714437',
  'type' => 'event',
)

会员卡买单，消费通知，买单通知
2020-03-20 22:23:27 /services/tinkerbots/api.php:162
array (
  'tousername' => 'gh_239a166b72c7',
  'fromusername' => 'o40gXxBschczLwy__yQNz7_sdTnc',
  'createtime' => '1584714207',
  'msgtype' => 'event',
  'event' => 'update_member_card',
  'cardid' => 'p40gXxHSoL4zpfXUQyTbdpA4ogTI',
  'usercardcode' => '408349154307',
  'modifybonus' => '1',
  'modifybalance' => '0',
  'from' => 'o40gXxBschczLwy__yQNz7_sdTnc',
  'to' => 'gh_239a166b72c7',
  'time' => '1584714207',
  'type' => 'event',
)
2020-03-20 22:23:27 /services/tinkerbots/api.php:162
array (
  'tousername' => 'gh_239a166b72c7',
  'fromusername' => 'o40gXxBschczLwy__yQNz7_sdTnc',
  'createtime' => '1584714207',
  'msgtype' => 'event',
  'event' => 'user_pay_from_pay_cell',
  'cardid' => 'p40gXxHSoL4zpfXUQyTbdpA4ogTI',
  'usercardcode' => '408349154307',
  'transid' => '4200000477202003203418601721',
  'locationid' => '493001175',
  'fee' => '100',
  'originalfee' => '1000',
  'from' => 'o40gXxBschczLwy__yQNz7_sdTnc',
  'to' => 'gh_239a166b72c7',
  'time' => '1584714207',
  'type' => 'event',
)
